Using pre-set license
Built from '6000.0/staging' branch; Version is '6000.0.47f1 (2ad1ed33fd3b) revision 2806253'; Using compiler version '193933523'; Build Type 'Release'
OS: 'Windows 10  (10.0.19045) 64bit Core' Language: 'en' Physical Memory: 16286 MB
BatchMode: 1, IsHumanControllingUs: 0, StartBugReporterOnCrash: 0, Is64bit: 1, IsPro: 1

COMMAND LINE ARGUMENTS:
C:\Program Files\Unity\Hub\Editor\6000.0.47f1\Editor\Unity.exe
-adb2
-batchMode
-noUpm
-name
AssetImportWorker4
-projectPath
D:/unity/practiceQ!
-logFile
Logs/AssetImportWorker4.log
-srvPort
54898
-job-worker-count
7
-background-job-worker-count
8
-gc-helper-count
1
Successfully changed project path to: D:/unity/practiceQ!
D:/unity/practiceQ!
[UnityMemory] Configuration Parameters - Can be set up in boot.config
    "memorysetup-bucket-allocator-granularity=16"
    "memorysetup-bucket-allocator-bucket-count=8"
    "memorysetup-bucket-allocator-block-size=33554432"
    "memorysetup-bucket-allocator-block-count=8"
    "memorysetup-main-allocator-block-size=16777216"
    "memorysetup-thread-allocator-block-size=16777216"
    "memorysetup-gfx-main-allocator-block-size=16777216"
    "memorysetup-gfx-thread-allocator-block-size=16777216"
    "memorysetup-cache-allocator-block-size=4194304"
    "memorysetup-typetree-allocator-block-size=2097152"
    "memorysetup-profiler-bucket-allocator-granularity=16"
    "memorysetup-profiler-bucket-allocator-bucket-count=8"
    "memorysetup-profiler-bucket-allocator-block-size=33554432"
    "memorysetup-profiler-bucket-allocator-block-count=8"
    "memorysetup-profiler-allocator-block-size=16777216"
    "memorysetup-profiler-editor-allocator-block-size=1048576"
    "memorysetup-temp-allocator-size-main=16777216"
    "memorysetup-job-temp-allocator-block-size=2097152"
    "memorysetup-job-temp-allocator-block-size-background=1048576"
    "memorysetup-job-temp-allocator-reduction-small-platforms=262144"
    "memorysetup-allocator-temp-initial-block-size-main=262144"
    "memorysetup-allocator-temp-initial-block-size-worker=262144"
    "memorysetup-temp-allocator-size-background-worker=32768"
    "memorysetup-temp-allocator-size-job-worker=262144"
    "memorysetup-temp-allocator-size-preload-manager=33554432"
    "memorysetup-temp-allocator-size-nav-mesh-worker=65536"
    "memorysetup-temp-allocator-size-audio-worker=65536"
    "memorysetup-temp-allocator-size-cloud-worker=32768"
    "memorysetup-temp-allocator-size-gi-baking-worker=262144"
    "memorysetup-temp-allocator-size-gi-baking-worker=262144"
    "memorysetup-temp-allocator-size-gi-baking-worker=262144"
    "memorysetup-temp-allocator-size-gi-baking-worker=262144"
    "memorysetup-temp-allocator-size-gi-baking-worker=262144"
    "memorysetup-temp-allocator-size-gfx=262144"
Player connection [18932]  Target information:

Player connection [18932]  * "[IP] 192.168.100.108 [Port] 0 [Flags] 2 [Guid] 745338184 [EditorId] 745338184 [Version] 1048832 [Id] WindowsEditor(7,DESKTOP-LA8IQRG) [Debug] 1 [PackageName] WindowsEditor [ProjectName] Editor" 

Player connection [18932]  * "[IP] 192.168.56.1 [Port] 0 [Flags] 2 [Guid] 745338184 [EditorId] 745338184 [Version] 1048832 [Id] WindowsEditor(7,DESKTOP-LA8IQRG) [Debug] 1 [PackageName] WindowsEditor [ProjectName] Editor" 

Player connection [18932]  * "[IP] 169.254.105.36 [Port] 0 [Flags] 2 [Guid] 745338184 [EditorId] 745338184 [Version] 1048832 [Id] WindowsEditor(7,DESKTOP-LA8IQRG) [Debug] 1 [PackageName] WindowsEditor [ProjectName] Editor" 

Player connection [18932]  * "[IP] 169.254.81.46 [Port] 0 [Flags] 2 [Guid] 745338184 [EditorId] 745338184 [Version] 1048832 [Id] WindowsEditor(7,DESKTOP-LA8IQRG) [Debug] 1 [PackageName] WindowsEditor [ProjectName] Editor" 

Player connection [18932]  * "[IP] 10.5.0.2 [Port] 0 [Flags] 2 [Guid] 745338184 [EditorId] 745338184 [Version] 1048832 [Id] WindowsEditor(7,DESKTOP-LA8IQRG) [Debug] 1 [PackageName] WindowsEditor [ProjectName] Editor" 

Player connection [18932] Host joined multi-casting on [225.0.0.222:54997]...
Player connection [18932] Host joined alternative multi-casting on [225.0.0.222:34997]...
JobSystem: Creating JobQueue using job-worker-count value 7
Input System module state changed to: Initialized.
[Physics::Module] Initialized fallback backend.
[Physics::Module] Id: 0xdecafbad
Library Redirect Path: Library/
[Physics::Module] Selected backend.
[Physics::Module] Name: PhysX
[Physics::Module] Id: 0xf2b8ea05
[Physics::Module] SDK Version: 4.1.2
[Physics::Module] Integration Version: 1.0.0
[Physics::Module] Threading Mode: Multi-Threaded
Refreshing native plugins compatible for Editor in 721.52 ms, found 3 plugins.
Preloading 0 native plugins for Editor in 0.00 ms.
Initialize engine version: 6000.0.47f1 (2ad1ed33fd3b)
[Subsystems] Discovering subsystems at path C:/Program Files/Unity/Hub/Editor/6000.0.47f1/Editor/Data/Resources/UnitySubsystems
[Subsystems] Discovering subsystems at path D:/unity/practiceQ!/Assets
GfxDevice: creating device client; kGfxThreadingModeNonThreaded
Direct3D:
    Version:  Direct3D 11.0 [level 11.1]
    Renderer: NVIDIA GeForce RTX 2080 (ID=0x1e87)
    Vendor:   NVIDIA
    VRAM:     7989 MB
    Driver:   32.0.15.6590
Initialize mono
Mono path[0] = 'C:/Program Files/Unity/Hub/Editor/6000.0.47f1/Editor/Data/Managed'
Mono path[1] = 'C:/Program Files/Unity/Hub/Editor/6000.0.47f1/Editor/Data/MonoBleedingEdge/lib/mono/unityjit-win32'
Mono config path = 'C:/Program Files/Unity/Hub/Editor/6000.0.47f1/Editor/Data/MonoBleedingEdge/etc'
Using monoOptions --debugger-agent=transport=dt_socket,embedding=1,server=y,suspend=n,address=127.0.0.1:56708
Begin MonoManager ReloadAssembly
Registering precompiled unity dll's ...
Register platform support module: C:/Program Files/Unity/Hub/Editor/6000.0.47f1/Editor/Data/PlaybackEngines/WindowsStandaloneSupport/UnityEditor.WindowsStandalone.Extensions.dll
Registered in 0.004741 seconds.
- Loaded All Assemblies, in  1.176 seconds
Native extension for WindowsStandalone target not found
Mono: successfully reloaded assembly
- Finished resetting the current domain, in  0.422 seconds
Domain Reload Profiling: 1594ms
	BeginReloadAssembly (145ms)
		ExecutionOrderSort (0ms)
		DisableScriptedObjects (0ms)
		BackupInstance (0ms)
		ReleaseScriptingObjects (0ms)
		CreateAndSetChildDomain (1ms)
	RebuildCommonClasses (271ms)
	RebuildNativeTypeToScriptingClass (16ms)
	initialDomainReloadingComplete (64ms)
	LoadAllAssembliesAndSetupDomain (676ms)
		LoadAssemblies (140ms)
		RebuildTransferFunctionScriptingTraits (0ms)
		AnalyzeDomain (673ms)
			TypeCache.Refresh (672ms)
				TypeCache.ScanAssembly (657ms)
			BuildScriptInfoCaches (0ms)
			ResolveRequiredComponents (1ms)
	FinalizeReload (422ms)
		ReleaseScriptCaches (0ms)
		RebuildScriptCaches (0ms)
		SetupLoadedEditorAssemblies (374ms)
			LogAssemblyErrors (0ms)
			InitializePlatformSupportModulesInManaged (31ms)
			SetLoadedEditorAssemblies (5ms)
			BeforeProcessingInitializeOnLoad (64ms)
			ProcessInitializeOnLoadAttributes (169ms)
			ProcessInitializeOnLoadMethodAttributes (105ms)
			AfterProcessingInitializeOnLoad (0ms)
			EditorAssembliesLoaded (0ms)
		ExecutionOrderSort2 (0ms)
		AwakeInstancesAfterBackupRestoration (0ms)
Assembly reference Packages/com.unity.cinemachine/Editor/Samples/ExposeHDRPInternals/HDRP-Editor-ref.asmref has no target assembly definition
========================================================================
Worker process is ready to serve import requests
Import Worker Mode flag is 0x00
Assembly reference Packages/com.unity.cinemachine/Editor/Samples/ExposeHDRPInternals/HDRP-Editor-ref.asmref has no target assembly definition
Assembly reference Packages/com.unity.cinemachine/Editor/Samples/ExposeHDRPInternals/HDRP-Editor-ref.asmref has no target assembly definition
Begin MonoManager ReloadAssembly
- Loaded All Assemblies, in  0.801 seconds
Assembly reference Packages/com.unity.cinemachine/Editor/Samples/ExposeHDRPInternals/HDRP-Editor-ref.asmref has no target assembly definition
'Packages/com.unity.cinemachine/Editor/Obsolete/CinemachineVirtualCameraBaseEditor.cs' contains partial class of Unity.Object, exactly 1 of the partial classes needs to be in a file with the same filename. This is to know the one that can be referenced from ie. GameObjects
'Packages/com.unity.cinemachine/Editor/Editors/CinemachineVirtualCameraBaseEditor.cs' contains partial class of Unity.Object, exactly 1 of the partial classes needs to be in a file with the same filename. This is to know the one that can be referenced from ie. GameObjects
Refreshing native plugins compatible for Editor in 0.72 ms, found 3 plugins.
Native extension for WindowsStandalone target not found
Assembly reference Packages/com.unity.cinemachine/Editor/Samples/ExposeHDRPInternals/HDRP-Editor-ref.asmref has no target assembly definition
Package Manager log level set to [2]
[Package Manager] Failed to launch server process. Reason: Unity was launched with the -noUpm command-line argument
[Package Manager] Unable to send message (not connected to server process).
[Package Manager] Cannot connect to Unity Package Manager local server
Mono: successfully reloaded assembly
- Finished resetting the current domain, in  2.545 seconds
Domain Reload Profiling: 3342ms
	BeginReloadAssembly (178ms)
		ExecutionOrderSort (0ms)
		DisableScriptedObjects (7ms)
		BackupInstance (0ms)
		ReleaseScriptingObjects (0ms)
		CreateAndSetChildDomain (32ms)
	RebuildCommonClasses (39ms)
	RebuildNativeTypeToScriptingClass (13ms)
	initialDomainReloadingComplete (41ms)
	LoadAllAssembliesAndSetupDomain (526ms)
		LoadAssemblies (358ms)
		RebuildTransferFunctionScriptingTraits (0ms)
		AnalyzeDomain (268ms)
			TypeCache.Refresh (202ms)
				TypeCache.ScanAssembly (182ms)
			BuildScriptInfoCaches (51ms)
			ResolveRequiredComponents (12ms)
	FinalizeReload (2545ms)
		ReleaseScriptCaches (0ms)
		RebuildScriptCaches (0ms)
		SetupLoadedEditorAssemblies (835ms)
			LogAssemblyErrors (0ms)
			InitializePlatformSupportModulesInManaged (2ms)
			SetLoadedEditorAssemblies (5ms)
			BeforeProcessingInitializeOnLoad (105ms)
			ProcessInitializeOnLoadAttributes (591ms)
			ProcessInitializeOnLoadMethodAttributes (122ms)
			AfterProcessingInitializeOnLoad (9ms)
			EditorAssembliesLoaded (0ms)
		ExecutionOrderSort2 (0ms)
		AwakeInstancesAfterBackupRestoration (7ms)
Launched and connected shader compiler UnityShaderCompiler.exe after 0.02 seconds
Refreshing native plugins compatible for Editor in 1.21 ms, found 3 plugins.
Preloading 0 native plugins for Editor in 0.00 ms.
Unloading 214 Unused Serialized files (Serialized files now loaded: 0)
Unloading 6428 unused Assets / (7.5 MB). Loaded Objects now: 7092.
Memory consumption went from 166.3 MB to 158.9 MB.
Total: 11.382900 ms (FindLiveObjects: 1.007300 ms CreateObjectMapping: 0.339200 ms MarkObjects: 5.332400 ms  DeleteObjects: 4.701700 ms)

========================================================================
Received Import Request.
  Time since last request: 171860.553614 seconds.
  path: Assets/RPG Tiny Fantasy Forest PBR/Prefab/BuildingUtilityDeco
  artifactKey: Guid(73db9019abc2eaa4e9725de7b6b24dff) Importer(815301076,1909f56bfc062723c751e8b465ee728b)
Start importing Assets/RPG Tiny Fantasy Forest PBR/Prefab/BuildingUtilityDeco using Guid(73db9019abc2eaa4e9725de7b6b24dff) Importer(815301076,1909f56bfc062723c751e8b465ee728b) (PreviewImporter) -> (artifact id: 'dac341a7b9356c875b0af3ac04408246') in 0.0085204 seconds
Number of updated asset objects reloaded before import = 0Number of asset objects unloaded after import = 0

========================================================================
Received Import Request.
  Time since last request: 3.150130 seconds.
  path: Assets/RPG Tiny Fantasy Forest PBR/Prefab/BuildingUtilityDeco/Bridge06.prefab
  artifactKey: Guid(b141f81ecc0e321478f808879e9b424d) Importer(815301076,1909f56bfc062723c751e8b465ee728b)
Start importing Assets/RPG Tiny Fantasy Forest PBR/Prefab/BuildingUtilityDeco/Bridge06.prefab using Guid(b141f81ecc0e321478f808879e9b424d) Importer(815301076,1909f56bfc062723c751e8b465ee728b) (PreviewImporter) -> (artifact id: '23063e4e8129263a8bc33c597d772310') in 0.608128 seconds
Number of updated asset objects reloaded before import = 0Number of asset objects unloaded after import = 23

========================================================================
Received Import Request.
  Time since last request: 0.000049 seconds.
  path: Assets/RPG Tiny Fantasy Forest PBR/Prefab/BuildingUtilityDeco/Ramp02.prefab
  artifactKey: Guid(0cf9323453ee732499a46d52338ec805) Importer(815301076,1909f56bfc062723c751e8b465ee728b)
Start importing Assets/RPG Tiny Fantasy Forest PBR/Prefab/BuildingUtilityDeco/Ramp02.prefab using Guid(0cf9323453ee732499a46d52338ec805) Importer(815301076,1909f56bfc062723c751e8b465ee728b) (PreviewImporter) -> (artifact id: '92d5f61d534639a8a2daf2a41fc18374') in 0.0779398 seconds
Number of updated asset objects reloaded before import = 0Number of asset objects unloaded after import = 20

========================================================================
Received Import Request.
  Time since last request: 0.000044 seconds.
  path: Assets/RPG Tiny Fantasy Forest PBR/Prefab/BuildingUtilityDeco/Stair01.prefab
  artifactKey: Guid(b36aa8866ff42fa41b42da9b29c835bb) Importer(815301076,1909f56bfc062723c751e8b465ee728b)
Start importing Assets/RPG Tiny Fantasy Forest PBR/Prefab/BuildingUtilityDeco/Stair01.prefab using Guid(b36aa8866ff42fa41b42da9b29c835bb) Importer(815301076,1909f56bfc062723c751e8b465ee728b) (PreviewImporter) -> (artifact id: '2ca6ba2eafed329828cdfe41dc7f600c') in 0.0251233 seconds
Number of updated asset objects reloaded before import = 0Number of asset objects unloaded after import = 21

========================================================================
Received Import Request.
  Time since last request: 0.000034 seconds.
  path: Assets/RPG Tiny Fantasy Forest PBR/Prefab/BuildingUtilityDeco/Ramp01.prefab
  artifactKey: Guid(ff51072534cd21643830368d43410805) Importer(815301076,1909f56bfc062723c751e8b465ee728b)
Start importing Assets/RPG Tiny Fantasy Forest PBR/Prefab/BuildingUtilityDeco/Ramp01.prefab using Guid(ff51072534cd21643830368d43410805) Importer(815301076,1909f56bfc062723c751e8b465ee728b) (PreviewImporter) -> (artifact id: '57338a39b720fc07db02f80e4050e1bb') in 0.0587499 seconds
Number of updated asset objects reloaded before import = 0Number of asset objects unloaded after import = 20

========================================================================
Received Import Request.
  Time since last request: 0.000041 seconds.
  path: Assets/RPG Tiny Fantasy Forest PBR/Prefab/BuildingUtilityDeco/Stair02.prefab
  artifactKey: Guid(f7e92f5acf601af4cb9723c059ec4575) Importer(815301076,1909f56bfc062723c751e8b465ee728b)
Start importing Assets/RPG Tiny Fantasy Forest PBR/Prefab/BuildingUtilityDeco/Stair02.prefab using Guid(f7e92f5acf601af4cb9723c059ec4575) Importer(815301076,1909f56bfc062723c751e8b465ee728b) (PreviewImporter) -> (artifact id: '6c00e3291037a56150867fdb47294023') in 0.0204107 seconds
Number of updated asset objects reloaded before import = 0Number of asset objects unloaded after import = 21

========================================================================
Received Import Request.
  Time since last request: 0.000045 seconds.
  path: Assets/RPG Tiny Fantasy Forest PBR/Prefab/BuildingUtilityDeco/Portal01.prefab
  artifactKey: Guid(fdc3fcdb18e51cf44b134308461bc877) Importer(815301076,1909f56bfc062723c751e8b465ee728b)
Start importing Assets/RPG Tiny Fantasy Forest PBR/Prefab/BuildingUtilityDeco/Portal01.prefab using Guid(fdc3fcdb18e51cf44b134308461bc877) Importer(815301076,1909f56bfc062723c751e8b465ee728b) (PreviewImporter) -> (artifact id: '6b530d756bb25d428727e14bc7717066') in 1.4165486 seconds
Number of updated asset objects reloaded before import = 0Number of asset objects unloaded after import = 28

========================================================================
Received Import Request.
  Time since last request: 2.076883 seconds.
  path: Assets/RPG Tiny Fantasy Forest PBR/Prefab/GroundPadding
  artifactKey: Guid(923b023c6ee71be4c95265f1ef79d135) Importer(815301076,1909f56bfc062723c751e8b465ee728b)
Start importing Assets/RPG Tiny Fantasy Forest PBR/Prefab/GroundPadding using Guid(923b023c6ee71be4c95265f1ef79d135) Importer(815301076,1909f56bfc062723c751e8b465ee728b) (PreviewImporter) -> (artifact id: '20348a2b5d052cd9caf86833ce7ad976') in 0.0009931 seconds
Number of updated asset objects reloaded before import = 0Number of asset objects unloaded after import = 0

========================================================================
Received Import Request.
  Time since last request: 0.073023 seconds.
  path: Assets/RPG Tiny Fantasy Forest PBR/Prefab/GroundPadding/GroundPadding06_1.prefab
  artifactKey: Guid(7b15bc9fdb71bf84eb7033c53e4a9e9c) Importer(815301076,1909f56bfc062723c751e8b465ee728b)
Start importing Assets/RPG Tiny Fantasy Forest PBR/Prefab/GroundPadding/GroundPadding06_1.prefab using Guid(7b15bc9fdb71bf84eb7033c53e4a9e9c) Importer(815301076,1909f56bfc062723c751e8b465ee728b) (PreviewImporter) -> (artifact id: 'e4d5a4b83c89f3889f3fc924c143fdcb') in 0.0200181 seconds
Number of updated asset objects reloaded before import = 0Number of asset objects unloaded after import = 20

========================================================================
Received Import Request.
  Time since last request: 3.189324 seconds.
  path: Assets/RPG Tiny Fantasy Forest PBR/Prefab/Mountains
  artifactKey: Guid(7b7ba780f2bbec245a17ff9c13c6d336) Importer(815301076,1909f56bfc062723c751e8b465ee728b)
Start importing Assets/RPG Tiny Fantasy Forest PBR/Prefab/Mountains using Guid(7b7ba780f2bbec245a17ff9c13c6d336) Importer(815301076,1909f56bfc062723c751e8b465ee728b) (PreviewImporter) -> (artifact id: 'b32268b813ec7d8239142b7435a0ea13') in 0.0008366 seconds
Number of updated asset objects reloaded before import = 0Number of asset objects unloaded after import = 0

========================================================================
Received Import Request.
  Time since last request: 2.369597 seconds.
  path: Assets/RPG Tiny Fantasy Forest PBR/Prefab/Mountains/RockMountain01.prefab
  artifactKey: Guid(8e2fb184aee1d6c4093458a39c29c900) Importer(815301076,1909f56bfc062723c751e8b465ee728b)
Start importing Assets/RPG Tiny Fantasy Forest PBR/Prefab/Mountains/RockMountain01.prefab using Guid(8e2fb184aee1d6c4093458a39c29c900) Importer(815301076,1909f56bfc062723c751e8b465ee728b) (PreviewImporter) -> (artifact id: '533dc35ed45dbd45d517fcd4bc4f05da') in 0.062315 seconds
Number of updated asset objects reloaded before import = 0Number of asset objects unloaded after import = 20

========================================================================
Received Prepare
Assembly reference Packages/com.unity.cinemachine/Editor/Samples/ExposeHDRPInternals/HDRP-Editor-ref.asmref has no target assembly definition
Assembly reference Packages/com.unity.cinemachine/Editor/Samples/ExposeHDRPInternals/HDRP-Editor-ref.asmref has no target assembly definition
Begin MonoManager ReloadAssembly
- Loaded All Assemblies, in  0.837 seconds
Assembly reference Packages/com.unity.cinemachine/Editor/Samples/ExposeHDRPInternals/HDRP-Editor-ref.asmref has no target assembly definition
'Packages/com.unity.cinemachine/Editor/Obsolete/CinemachineVirtualCameraBaseEditor.cs' contains partial class of Unity.Object, exactly 1 of the partial classes needs to be in a file with the same filename. This is to know the one that can be referenced from ie. GameObjects
'Packages/com.unity.cinemachine/Editor/Editors/CinemachineVirtualCameraBaseEditor.cs' contains partial class of Unity.Object, exactly 1 of the partial classes needs to be in a file with the same filename. This is to know the one that can be referenced from ie. GameObjects
Refreshing native plugins compatible for Editor in 0.83 ms, found 3 plugins.
Native extension for WindowsStandalone target not found
Assembly reference Packages/com.unity.cinemachine/Editor/Samples/ExposeHDRPInternals/HDRP-Editor-ref.asmref has no target assembly definition
[Package Manager] Failed to launch server process. Reason: Unity was launched with the -noUpm command-line argument
[Package Manager] Unable to send message (not connected to server process).
[Package Manager] Cannot connect to Unity Package Manager local server
Mono: successfully reloaded assembly
- Finished resetting the current domain, in  1.052 seconds
Domain Reload Profiling: 1889ms
	BeginReloadAssembly (261ms)
		ExecutionOrderSort (0ms)
		DisableScriptedObjects (20ms)
		BackupInstance (0ms)
		ReleaseScriptingObjects (0ms)
		CreateAndSetChildDomain (67ms)
	RebuildCommonClasses (37ms)
	RebuildNativeTypeToScriptingClass (13ms)
	initialDomainReloadingComplete (30ms)
	LoadAllAssembliesAndSetupDomain (494ms)
		LoadAssemblies (385ms)
		RebuildTransferFunctionScriptingTraits (0ms)
		AnalyzeDomain (232ms)
			TypeCache.Refresh (8ms)
				TypeCache.ScanAssembly (0ms)
			BuildScriptInfoCaches (204ms)
			ResolveRequiredComponents (15ms)
	FinalizeReload (1053ms)
		ReleaseScriptCaches (0ms)
		RebuildScriptCaches (0ms)
		SetupLoadedEditorAssemblies (576ms)
			LogAssemblyErrors (0ms)
			InitializePlatformSupportModulesInManaged (3ms)
			SetLoadedEditorAssemblies (5ms)
			BeforeProcessingInitializeOnLoad (118ms)
			ProcessInitializeOnLoadAttributes (382ms)
			ProcessInitializeOnLoadMethodAttributes (59ms)
			AfterProcessingInitializeOnLoad (9ms)
			EditorAssembliesLoaded (0ms)
		ExecutionOrderSort2 (0ms)
		AwakeInstancesAfterBackupRestoration (15ms)
Refreshing native plugins compatible for Editor in 0.84 ms, found 3 plugins.
Preloading 0 native plugins for Editor in 0.00 ms.
Unloading 46 Unused Serialized files (Serialized files now loaded: 0)
Unloading 6424 unused Assets / (7.1 MB). Loaded Objects now: 7142.
Memory consumption went from 165.5 MB to 158.4 MB.
Total: 10.915700 ms (FindLiveObjects: 1.155800 ms CreateObjectMapping: 0.453400 ms MarkObjects: 5.020700 ms  DeleteObjects: 4.284200 ms)

Prepare: number of updated asset objects reloaded= 0
========================================================================
Received Prepare
Assembly reference Packages/com.unity.cinemachine/Editor/Samples/ExposeHDRPInternals/HDRP-Editor-ref.asmref has no target assembly definition
Assembly reference Packages/com.unity.cinemachine/Editor/Samples/ExposeHDRPInternals/HDRP-Editor-ref.asmref has no target assembly definition
Begin MonoManager ReloadAssembly
- Loaded All Assemblies, in  0.824 seconds
Assembly reference Packages/com.unity.cinemachine/Editor/Samples/ExposeHDRPInternals/HDRP-Editor-ref.asmref has no target assembly definition
'Packages/com.unity.cinemachine/Editor/Obsolete/CinemachineVirtualCameraBaseEditor.cs' contains partial class of Unity.Object, exactly 1 of the partial classes needs to be in a file with the same filename. This is to know the one that can be referenced from ie. GameObjects
'Packages/com.unity.cinemachine/Editor/Editors/CinemachineVirtualCameraBaseEditor.cs' contains partial class of Unity.Object, exactly 1 of the partial classes needs to be in a file with the same filename. This is to know the one that can be referenced from ie. GameObjects
Refreshing native plugins compatible for Editor in 1.05 ms, found 3 plugins.
Native extension for WindowsStandalone target not found
Assembly reference Packages/com.unity.cinemachine/Editor/Samples/ExposeHDRPInternals/HDRP-Editor-ref.asmref has no target assembly definition
[Package Manager] Failed to launch server process. Reason: Unity was launched with the -noUpm command-line argument
[Package Manager] Unable to send message (not connected to server process).
[Package Manager] Cannot connect to Unity Package Manager local server
Mono: successfully reloaded assembly
- Finished resetting the current domain, in  0.788 seconds
Domain Reload Profiling: 1612ms
	BeginReloadAssembly (235ms)
		ExecutionOrderSort (0ms)
		DisableScriptedObjects (7ms)
		BackupInstance (0ms)
		ReleaseScriptingObjects (0ms)
		CreateAndSetChildDomain (56ms)
	RebuildCommonClasses (46ms)
	RebuildNativeTypeToScriptingClass (16ms)
	initialDomainReloadingComplete (31ms)
	LoadAllAssembliesAndSetupDomain (495ms)
		LoadAssemblies (382ms)
		RebuildTransferFunctionScriptingTraits (0ms)
		AnalyzeDomain (236ms)
			TypeCache.Refresh (8ms)
				TypeCache.ScanAssembly (0ms)
			BuildScriptInfoCaches (207ms)
			ResolveRequiredComponents (16ms)
	FinalizeReload (789ms)
		ReleaseScriptCaches (0ms)
		RebuildScriptCaches (0ms)
		SetupLoadedEditorAssemblies (553ms)
			LogAssemblyErrors (0ms)
			InitializePlatformSupportModulesInManaged (3ms)
			SetLoadedEditorAssemblies (6ms)
			BeforeProcessingInitializeOnLoad (119ms)
			ProcessInitializeOnLoadAttributes (361ms)
			ProcessInitializeOnLoadMethodAttributes (55ms)
			AfterProcessingInitializeOnLoad (10ms)
			EditorAssembliesLoaded (0ms)
		ExecutionOrderSort2 (0ms)
		AwakeInstancesAfterBackupRestoration (13ms)
Refreshing native plugins compatible for Editor in 0.95 ms, found 3 plugins.
Preloading 0 native plugins for Editor in 0.00 ms.
Unloading 34 Unused Serialized files (Serialized files now loaded: 0)
Unloading 6423 unused Assets / (7.2 MB). Loaded Objects now: 7144.
Memory consumption went from 163.1 MB to 155.9 MB.
Total: 10.387200 ms (FindLiveObjects: 0.982000 ms CreateObjectMapping: 0.392400 ms MarkObjects: 4.548100 ms  DeleteObjects: 4.463000 ms)

Prepare: number of updated asset objects reloaded= 0
========================================================================
Received Import Request.
  Time since last request: 324.096066 seconds.
  path: Assets/RPG Tiny Fantasy Forest PBR/BuiltIn&HDRP
  artifactKey: Guid(c78a2018aca6d884fa636a55b988b216) Importer(815301076,1909f56bfc062723c751e8b465ee728b)
Start importing Assets/RPG Tiny Fantasy Forest PBR/BuiltIn&HDRP using Guid(c78a2018aca6d884fa636a55b988b216) Importer(815301076,1909f56bfc062723c751e8b465ee728b) (PreviewImporter) -> (artifact id: '0febf92c88d39d6d9fa97ef9c8894140') in 0.0078993 seconds
Number of updated asset objects reloaded before import = 0Number of asset objects unloaded after import = 0

========================================================================
Received Import Request.
  Time since last request: 3.189141 seconds.
  path: Assets/RPG Tiny Fantasy Forest PBR/BuiltIn&HDRP/BuiltIn.unitypackage
  artifactKey: Guid(577a6e84f48d6434499bba69cd775f97) Importer(815301076,1909f56bfc062723c751e8b465ee728b)
Start importing Assets/RPG Tiny Fantasy Forest PBR/BuiltIn&HDRP/BuiltIn.unitypackage using Guid(577a6e84f48d6434499bba69cd775f97) Importer(815301076,1909f56bfc062723c751e8b465ee728b) (PreviewImporter) -> (artifact id: 'cae198d0ca47fddcbaeb5a4c1b1914f1') in 0.0246915 seconds
Number of updated asset objects reloaded before import = 0Number of asset objects unloaded after import = 1

========================================================================
Received Import Request.
  Time since last request: 0.879815 seconds.
  path: Assets/RPG Tiny Fantasy Forest PBR/BuiltIn&HDRP/HDRP.unitypackage
  artifactKey: Guid(3a9a549ef749653419161297024fe40c) Importer(815301076,1909f56bfc062723c751e8b465ee728b)
Start importing Assets/RPG Tiny Fantasy Forest PBR/BuiltIn&HDRP/HDRP.unitypackage using Guid(3a9a549ef749653419161297024fe40c) Importer(815301076,1909f56bfc062723c751e8b465ee728b) (PreviewImporter) -> (artifact id: 'a92faf4206f22d165e4a5e28fb08008a') in 0.0011111 seconds
Number of updated asset objects reloaded before import = 0Number of asset objects unloaded after import = 1

========================================================================
Received Import Request.
  Time since last request: 2.731902 seconds.
  path: Assets/RPG Tiny Fantasy Forest PBR/Material/Special/Grass01.mat
  artifactKey: Guid(84021538fa741cb4493b433d4bac21fc) Importer(815301076,1909f56bfc062723c751e8b465ee728b)
Start importing Assets/RPG Tiny Fantasy Forest PBR/Material/Special/Grass01.mat using Guid(84021538fa741cb4493b433d4bac21fc) Importer(815301076,1909f56bfc062723c751e8b465ee728b) (PreviewImporter) -> (artifact id: '78e4a7cd36120154dc1bd6c15c48b079') in 4.2415487 seconds
Number of updated asset objects reloaded before import = 0Number of asset objects unloaded after import = 9

========================================================================
Received Import Request.
  Time since last request: 0.000067 seconds.
  path: Assets/RPG Tiny Fantasy Forest PBR/Material/Special/Tree01.mat
  artifactKey: Guid(14c46f206899b9a4489a4832138cce10) Importer(815301076,1909f56bfc062723c751e8b465ee728b)
Start importing Assets/RPG Tiny Fantasy Forest PBR/Material/Special/Tree01.mat using Guid(14c46f206899b9a4489a4832138cce10) Importer(815301076,1909f56bfc062723c751e8b465ee728b) (PreviewImporter) -> (artifact id: '42c49bdd3d545e606257f44bffe1e1e1') in 0.0242343 seconds
Number of updated asset objects reloaded before import = 0Number of asset objects unloaded after import = 8

========================================================================
Received Import Request.
  Time since last request: 0.000045 seconds.
  path: Assets/RPG Tiny Fantasy Forest PBR/Material/Special/Water_Fall.mat
  artifactKey: Guid(7af774c632214bc4cb684b33a484baf1) Importer(815301076,1909f56bfc062723c751e8b465ee728b)
Start importing Assets/RPG Tiny Fantasy Forest PBR/Material/Special/Water_Fall.mat using Guid(7af774c632214bc4cb684b33a484baf1) Importer(815301076,1909f56bfc062723c751e8b465ee728b) (PreviewImporter) -> (artifact id: '34ec357cd7084298d7a57ead5f6d1d79') in 3.644878 seconds
Number of updated asset objects reloaded before import = 0Number of asset objects unloaded after import = 8

========================================================================
Received Import Request.
  Time since last request: 5.489486 seconds.
  path: Assets/RPG Tiny Fantasy Forest PBR/Mesh
  artifactKey: Guid(6602bfd6ac46e8a4d85b9ee5debffb3b) Importer(815301076,1909f56bfc062723c751e8b465ee728b)
Start importing Assets/RPG Tiny Fantasy Forest PBR/Mesh using Guid(6602bfd6ac46e8a4d85b9ee5debffb3b) Importer(815301076,1909f56bfc062723c751e8b465ee728b) (PreviewImporter) -> (artifact id: '02192dcf8add5267dce822bc5c48102e') in 0.000721 seconds
Number of updated asset objects reloaded before import = 0Number of asset objects unloaded after import = 0

========================================================================
Received Import Request.
  Time since last request: 2.839591 seconds.
  path: Assets/RPG Tiny Fantasy Forest PBR/Prefab
  artifactKey: Guid(98c69a2a3cacf3346bb7cd74f0320fac) Importer(815301076,1909f56bfc062723c751e8b465ee728b)
Start importing Assets/RPG Tiny Fantasy Forest PBR/Prefab using Guid(98c69a2a3cacf3346bb7cd74f0320fac) Importer(815301076,1909f56bfc062723c751e8b465ee728b) (PreviewImporter) -> (artifact id: '0bea878bd12ce3654fe5e6f7d7a544e0') in 0.0006251 seconds
Number of updated asset objects reloaded before import = 0Number of asset objects unloaded after import = 0

========================================================================
Received Import Request.
  Time since last request: 92.848371 seconds.
  path: Assets/RPG Tiny Fantasy Forest PBR/Prefab/Rock
  artifactKey: Guid(beef5f604c5c46d429b4c85053ec438d) Importer(815301076,1909f56bfc062723c751e8b465ee728b)
Start importing Assets/RPG Tiny Fantasy Forest PBR/Prefab/Rock using Guid(beef5f604c5c46d429b4c85053ec438d) Importer(815301076,1909f56bfc062723c751e8b465ee728b) (PreviewImporter) -> (artifact id: 'a1d57b23e06dd534afb6d13b64cee255') in 0.0006566 seconds
Number of updated asset objects reloaded before import = 0Number of asset objects unloaded after import = 0

========================================================================
Received Import Request.
  Time since last request: 0.069372 seconds.
  path: Assets/RPG Tiny Fantasy Forest PBR/Prefab/Rock/Cobble01.prefab
  artifactKey: Guid(d30a5034038eb324a9d7878b84f50184) Importer(815301076,1909f56bfc062723c751e8b465ee728b)
Start importing Assets/RPG Tiny Fantasy Forest PBR/Prefab/Rock/Cobble01.prefab using Guid(d30a5034038eb324a9d7878b84f50184) Importer(815301076,1909f56bfc062723c751e8b465ee728b) (PreviewImporter) -> (artifact id: '39e25b0380f4ca3d87a0c9333cd5edf0') in 0.0555684 seconds
Number of updated asset objects reloaded before import = 0Number of asset objects unloaded after import = 20

========================================================================
Received Import Request.
  Time since last request: 0.000029 seconds.
  path: Assets/RPG Tiny Fantasy Forest PBR/Prefab/Rock/Cobble03.prefab
  artifactKey: Guid(780d5ee3450b092408f1e19e2693461b) Importer(815301076,1909f56bfc062723c751e8b465ee728b)
Start importing Assets/RPG Tiny Fantasy Forest PBR/Prefab/Rock/Cobble03.prefab using Guid(780d5ee3450b092408f1e19e2693461b) Importer(815301076,1909f56bfc062723c751e8b465ee728b) (PreviewImporter) -> (artifact id: 'b74fe0ca50da06b7fce9f061ba82a7fa') in 0.049224 seconds
Number of updated asset objects reloaded before import = 0Number of asset objects unloaded after import = 20

========================================================================
Received Import Request.
  Time since last request: 0.000036 seconds.
  path: Assets/RPG Tiny Fantasy Forest PBR/Prefab/Rock/Rock01.prefab
  artifactKey: Guid(a02f4b8afd8e9af4d839851c9c7e24e5) Importer(815301076,1909f56bfc062723c751e8b465ee728b)
Start importing Assets/RPG Tiny Fantasy Forest PBR/Prefab/Rock/Rock01.prefab using Guid(a02f4b8afd8e9af4d839851c9c7e24e5) Importer(815301076,1909f56bfc062723c751e8b465ee728b) (PreviewImporter) -> (artifact id: '5065827c01a8401de436fce7a5f6a7e8') in 0.0191394 seconds
Number of updated asset objects reloaded before import = 0Number of asset objects unloaded after import = 20

========================================================================
Received Import Request.
  Time since last request: 0.000022 seconds.
  path: Assets/RPG Tiny Fantasy Forest PBR/Prefab/Rock/RockCliff05.prefab
  artifactKey: Guid(135b122a307315242b9e5fb6c2262e48) Importer(815301076,1909f56bfc062723c751e8b465ee728b)
Start importing Assets/RPG Tiny Fantasy Forest PBR/Prefab/Rock/RockCliff05.prefab using Guid(135b122a307315242b9e5fb6c2262e48) Importer(815301076,1909f56bfc062723c751e8b465ee728b) (PreviewImporter) -> (artifact id: '53c406c01a71552f4d0473f8459984ee') in 0.0218196 seconds
Number of updated asset objects reloaded before import = 0Number of asset objects unloaded after import = 20

========================================================================
Received Import Request.
  Time since last request: 0.000028 seconds.
  path: Assets/RPG Tiny Fantasy Forest PBR/Prefab/Rock/Cobble05.prefab
  artifactKey: Guid(e7bcd806d53514149b0036f83ed84409) Importer(815301076,1909f56bfc062723c751e8b465ee728b)
Start importing Assets/RPG Tiny Fantasy Forest PBR/Prefab/Rock/Cobble05.prefab using Guid(e7bcd806d53514149b0036f83ed84409) Importer(815301076,1909f56bfc062723c751e8b465ee728b) (PreviewImporter) -> (artifact id: 'f5320b4a0f553df8e1ef6dc239bed12a') in 0.0509233 seconds
Number of updated asset objects reloaded before import = 0Number of asset objects unloaded after import = 20

========================================================================
Received Import Request.
  Time since last request: 0.000029 seconds.
  path: Assets/RPG Tiny Fantasy Forest PBR/Prefab/Rock/Rock06_1.prefab
  artifactKey: Guid(359c40097c23d8a4ca5236d29e692faa) Importer(815301076,1909f56bfc062723c751e8b465ee728b)
Start importing Assets/RPG Tiny Fantasy Forest PBR/Prefab/Rock/Rock06_1.prefab using Guid(359c40097c23d8a4ca5236d29e692faa) Importer(815301076,1909f56bfc062723c751e8b465ee728b) (PreviewImporter) -> (artifact id: '62a85a7aa8189cbe26201c803537945c') in 0.0176049 seconds
Number of updated asset objects reloaded before import = 0Number of asset objects unloaded after import = 20

========================================================================
Received Import Request.
  Time since last request: 15.551544 seconds.
  path: Assets/RPG Tiny Fantasy Forest PBR/Prefab/TreePlants
  artifactKey: Guid(3b01b15b386007b4b8d78124743c1727) Importer(815301076,1909f56bfc062723c751e8b465ee728b)
Start importing Assets/RPG Tiny Fantasy Forest PBR/Prefab/TreePlants using Guid(3b01b15b386007b4b8d78124743c1727) Importer(815301076,1909f56bfc062723c751e8b465ee728b) (PreviewImporter) -> (artifact id: 'a0ee1147cc7609705728699fa2a3adb9') in 0.0006841 seconds
Number of updated asset objects reloaded before import = 0Number of asset objects unloaded after import = 0

========================================================================
Received Import Request.
  Time since last request: 0.021701 seconds.
  path: Assets/RPG Tiny Fantasy Forest PBR/Prefab/TreePlants/Flower01.prefab
  artifactKey: Guid(473e58a45cf2c5b46a6172709dec44b5) Importer(815301076,1909f56bfc062723c751e8b465ee728b)
Start importing Assets/RPG Tiny Fantasy Forest PBR/Prefab/TreePlants/Flower01.prefab using Guid(473e58a45cf2c5b46a6172709dec44b5) Importer(815301076,1909f56bfc062723c751e8b465ee728b) (PreviewImporter) -> (artifact id: '663fc7a7283fd210b9dbd581530bd2df') in 0.0454875 seconds
Number of updated asset objects reloaded before import = 0Number of asset objects unloaded after import = 24

Editor requested this worker to shutdown with reason: Scaling down because of idle timeout
AssetImportWorker is now disconnected from the server
Process exiting
Exiting without the bug reporter. Application will terminate with return code 0